<?xml version="1.0" encoding="UTF-8"?>
<!-- Generated by org.testng.reporters.JUnitXMLReporter -->
<testsuite ignored="2" hostname="INVW19CON40" failures="0" tests="3" name="First Test" time="0.08" errors="0" timestamp="2024-03-14T10:15:11 IST">
  <testcase classname="Testcases.LoginTest" name="FirstTest" time="0.007"/>
  <testcase classname="Testcases.LoginTest" name="SecondTest" time="0.002"/>
  <testcase classname="Testcases.HomeTest" name="ThirdTest" time="0.002"/>
  <testcase classname="base.BaseTest" name="@AfterSuite tearDown" time="0.0">
    <ignored/>
  </testcase> <!-- @AfterSuite tearDown -->
  <testcase classname="base.BaseTest" name="@BeforeSuite setUp" time="0.0">
    <ignored/>
  </testcase> <!-- @BeforeSuite setUp -->
</testsuite> <!-- First Test -->
