<?xml version="1.0" encoding="UTF-8"?>
<testng-results ignored="0" total="4" passed="4" failed="0" skipped="0">
  <reporter-output>
  </reporter-output>
  <suite started-at="2024-03-14T10:15:11 IST" name="Suite" finished-at="2024-03-14T10:15:11 IST" duration-ms="120">
    <groups>
      <group name="A">
        <method signature="LoginTest.FirstTest()[pri:1, instance:Testcases.LoginTest@d86a6f]" name="FirstTest" class="Testcases.LoginTest"/>
      </group> <!-- A -->
    </groups>
    <test started-at="2024-03-14T10:15:11 IST" name="First Test" finished-at="2024-03-14T10:15:11 IST" duration-ms="80">
      <class name="Testcases.LoginTest">
        <test-method is-config="true" signature="BC()[pri:0, instance:Testcases.LoginTest@d86a6f]" started-at="2024-03-14T10:15:11 IST" name="BC" finished-at="2024-03-14T10:15:11 IST" duration-ms="1" status="PASS">
          <reporter-output>
          </reporter-output>
        </test-method> <!-- BC -->
        <test-method is-config="true" signature="ThirdTest()[pri:0, instance:Testcases.LoginTest@d86a6f]" started-at="2024-03-14T10:15:11 IST" name="ThirdTest" finished-at="2024-03-14T10:15:11 IST" duration-ms="0" status="PASS">
          <reporter-output>
          </reporter-output>
        </test-method> <!-- ThirdTest -->
        <test-method signature="FirstTest()[pri:1, instance:Testcases.LoginTest@d86a6f]" started-at="2024-03-14T10:15:11 IST" name="FirstTest" finished-at="2024-03-14T10:15:11 IST" duration-ms="7" status="PASS">
          <reporter-output>
          </reporter-output>
        </test-method> <!-- FirstTest -->
        <test-method is-config="true" signature="FourthTest()[pri:0, instance:Testcases.LoginTest@d86a6f]" started-at="2024-03-14T10:15:11 IST" name="FourthTest" finished-at="2024-03-14T10:15:11 IST" duration-ms="0" status="PASS">
          <reporter-output>
          </reporter-output>
        </test-method> <!-- FourthTest -->
        <test-method signature="SecondTest()[pri:2, instance:Testcases.LoginTest@d86a6f]" started-at="2024-03-14T10:15:11 IST" name="SecondTest" finished-at="2024-03-14T10:15:11 IST" duration-ms="2" status="PASS">
          <reporter-output>
          </reporter-output>
        </test-method> <!-- SecondTest -->
        <test-method is-config="true" signature="ThirdTest()[pri:0, instance:Testcases.LoginTest@d86a6f]" started-at="2024-03-14T10:15:11 IST" name="ThirdTest" finished-at="2024-03-14T10:15:11 IST" duration-ms="0" status="PASS">
          <reporter-output>
          </reporter-output>
        </test-method> <!-- ThirdTest -->
        <test-method is-config="true" signature="FourthTest()[pri:0, instance:Testcases.LoginTest@d86a6f]" started-at="2024-03-14T10:15:11 IST" name="FourthTest" finished-at="2024-03-14T10:15:11 IST" duration-ms="0" status="PASS">
          <reporter-output>
          </reporter-output>
        </test-method> <!-- FourthTest -->
        <test-method is-config="true" signature="AC()[pri:0, instance:Testcases.LoginTest@d86a6f]" started-at="2024-03-14T10:15:11 IST" name="AC" finished-at="2024-03-14T10:15:11 IST" duration-ms="0" status="PASS">
          <reporter-output>
          </reporter-output>
        </test-method> <!-- AC -->
      </class> <!-- Testcases.LoginTest -->
      <class name="Testcases.HomeTest">
        <test-method is-config="true" signature="BC()[pri:0, instance:Testcases.HomeTest@2a7f1f10]" started-at="2024-03-14T10:15:11 IST" name="BC" finished-at="2024-03-14T10:15:11 IST" duration-ms="1" status="PASS">
          <reporter-output>
          </reporter-output>
        </test-method> <!-- BC -->
        <test-method signature="ThirdTest()[pri:0, instance:Testcases.HomeTest@2a7f1f10]" started-at="2024-03-14T10:15:11 IST" name="ThirdTest" finished-at="2024-03-14T10:15:11 IST" duration-ms="2" status="PASS">
          <reporter-output>
          </reporter-output>
        </test-method> <!-- ThirdTest -->
        <test-method is-config="true" signature="AC()[pri:0, instance:Testcases.HomeTest@2a7f1f10]" started-at="2024-03-14T10:15:11 IST" name="AC" finished-at="2024-03-14T10:15:11 IST" duration-ms="0" status="PASS">
          <reporter-output>
          </reporter-output>
        </test-method> <!-- AC -->
      </class> <!-- Testcases.HomeTest -->
    </test> <!-- First Test -->
    <test started-at="2024-03-14T10:15:11 IST" name="Second Test" finished-at="2024-03-14T10:15:11 IST" duration-ms="5">
      <class name="Testcases.SecondTest">
        <test-method is-config="true" signature="setUp()[pri:0, instance:Testcases.SecondTest@712625fd]" started-at="2024-03-14T10:15:07 IST" name="setUp" finished-at="2024-03-14T10:15:11 IST" duration-ms="4284" status="PASS">
          <reporter-output>
          </reporter-output>
        </test-method> <!-- setUp -->
        <test-method is-config="true" signature="BC()[pri:0, instance:Testcases.SecondTest@712625fd]" started-at="2024-03-14T10:15:11 IST" name="BC" finished-at="2024-03-14T10:15:11 IST" duration-ms="1" status="PASS">
          <reporter-output>
          </reporter-output>
        </test-method> <!-- BC -->
        <test-method signature="FourthTest()[pri:0, instance:Testcases.SecondTest@712625fd]" started-at="2024-03-14T10:15:11 IST" name="FourthTest" finished-at="2024-03-14T10:15:11 IST" duration-ms="1" status="PASS">
          <reporter-output>
          </reporter-output>
        </test-method> <!-- FourthTest -->
        <test-method is-config="true" signature="AC()[pri:0, instance:Testcases.SecondTest@712625fd]" started-at="2024-03-14T10:15:11 IST" name="AC" finished-at="2024-03-14T10:15:11 IST" duration-ms="0" status="PASS">
          <reporter-output>
          </reporter-output>
        </test-method> <!-- AC -->
        <test-method is-config="true" signature="tearDown()[pri:0, instance:Testcases.SecondTest@712625fd]" started-at="2024-03-14T10:15:11 IST" name="tearDown" finished-at="2024-03-14T10:15:11 IST" duration-ms="295" status="PASS">
          <reporter-output>
          </reporter-output>
        </test-method> <!-- tearDown -->
      </class> <!-- Testcases.SecondTest -->
    </test> <!-- Second Test -->
  </suite> <!-- Suite -->
</testng-results>
